<?xml version="1.0" encoding="UTF-8"?>
<testsuite name="com.happiersoul.one.web.HelloControllerTest" tests="2" skipped="0" failures="0" errors="0" timestamp="2021-05-22T17:12:28" hostname="DESKTOP-KNGOHN4" time="0.256">
  <properties/>
  <testcase name="hello가_리턴된다" classname="com.happiersoul.one.web.HelloControllerTest" time="0.198"/>
  <testcase name="helloDto가_리턴된다" classname="com.happiersoul.one.web.HelloControllerTest" time="0.057"/>
  <system-out><![CDATA[02:12:25.796 [Test worker] DEBUG org.springframework.test.context.junit4.SpringJUnit4ClassRunner - SpringJUnit4ClassRunner constructor called with [class com.happiersoul.one.web.HelloControllerTest]
02:12:25.803 [Test worker] DEBUG org.springframework.test.context.BootstrapUtils - Instantiating CacheAwareContextLoaderDelegate from class [org.springframework.test.context.cache.DefaultCacheAwareContextLoaderDelegate]
02:12:25.811 [Test worker] DEBUG org.springframework.test.context.BootstrapUtils - Instantiating BootstrapContext using constructor [public org.springframework.test.context.support.DefaultBootstrapContext(java.lang.Class,org.springframework.test.context.CacheAwareContextLoaderDelegate)]
02:12:25.830 [Test worker] DEBUG org.springframework.test.context.BootstrapUtils - Instantiating TestContextBootstrapper for test class [com.happiersoul.one.web.HelloControllerTest] from class [org.springframework.boot.test.autoconfigure.web.servlet.WebMvcTestContextBootstrapper]
02:12:25.847 [Test worker] INFO org.springframework.boot.test.autoconfigure.web.servlet.WebMvcTestContextBootstrapper - Neither @ContextConfiguration nor @ContextHierarchy found for test class [com.happiersoul.one.web.HelloControllerTest], using SpringBootContextLoader
02:12:25.849 [Test worker] DEBUG org.springframework.test.context.support.AbstractContextLoader - Did not detect default resource location for test class [com.happiersoul.one.web.HelloControllerTest]: class path resource [com/happiersoul/one/web/HelloControllerTest-context.xml] does not exist
02:12:25.850 [Test worker] DEBUG org.springframework.test.context.support.AbstractContextLoader - Did not detect default resource location for test class [com.happiersoul.one.web.HelloControllerTest]: class path resource [com/happiersoul/one/web/HelloControllerTestContext.groovy] does not exist
02:12:25.850 [Test worker] INFO org.springframework.test.context.support.AbstractContextLoader - Could not detect default resource locations for test class [com.happiersoul.one.web.HelloControllerTest]: no resource found for suffixes {-context.xml, Context.groovy}.
02:12:25.850 [Test worker] INFO org.springframework.test.context.support.AnnotationConfigContextLoaderUtils - Could not detect default configuration classes for test class [com.happiersoul.one.web.HelloControllerTest]: HelloControllerTest does not declare any static, non-private, non-final, nested classes annotated with @Configuration.
02:12:25.909 [Test worker] DEBUG org.springframework.test.context.support.ActiveProfilesUtils - Could not find an 'annotation declaring class' for annotation type [org.springframework.test.context.ActiveProfiles] and class [com.happiersoul.one.web.HelloControllerTest]
02:12:25.972 [Test worker] DEBUG org.springframework.context.annotation.ClassPathScanningCandidateComponentProvider - Identified candidate component class: file [D:\주말백업\Happiersoul_Workspace\happiersoul-one\build\classes\java\main\com\happiersoul\one\Application.class]
02:12:25.973 [Test worker] INFO org.springframework.boot.test.context.SpringBootTestContextBootstrapper - Found @SpringBootConfiguration com.happiersoul.one.Application for test class com.happiersoul.one.web.HelloControllerTest
02:12:25.975 [Test worker] DEBUG org.springframework.boot.test.autoconfigure.web.servlet.WebMvcTestContextBootstrapper - @TestExecutionListeners is not present for class [com.happiersoul.one.web.HelloControllerTest]: using defaults.
02:12:25.976 [Test worker] INFO org.springframework.boot.test.autoconfigure.web.servlet.WebMvcTestContextBootstrapper - Loaded default TestExecutionListener class names from location [META-INF/spring.factories]: [org.springframework.security.test.context.support.WithSecurityContextTestExecutionListener, org.springframework.security.test.context.support.ReactorContextTestExecutionListener, org.springframework.boot.test.autoconfigure.restdocs.RestDocsTestExecutionListener, org.springframework.boot.test.autoconfigure.web.client.MockRestServiceServerResetTestExecutionListener, org.springframework.boot.test.autoconfigure.web.servlet.MockMvcPrintOnlyOnFailureTestExecutionListener, org.springframework.boot.test.autoconfigure.web.servlet.WebDriverTestExecutionListener, org.springframework.boot.test.mock.mockito.MockitoTestExecutionListener, org.springframework.boot.test.mock.mockito.ResetMocksTestExecutionListener, org.springframework.test.context.web.ServletTestExecutionListener, org.springframework.test.context.support.DirtiesContextBeforeModesTestExecutionListener, org.springframework.test.context.support.DependencyInjectionTestExecutionListener, org.springframework.test.context.support.DirtiesContextTestExecutionListener, org.springframework.test.context.transaction.TransactionalTestExecutionListener, org.springframework.test.context.jdbc.SqlScriptsTestExecutionListener]
02:12:26.005 [Test worker] INFO org.springframework.boot.test.autoconfigure.web.servlet.WebMvcTestContextBootstrapper - Using TestExecutionListeners: [org.springframework.test.context.web.ServletTestExecutionListener@38487754, org.springframework.test.context.support.DirtiesContextBeforeModesTestExecutionListener@2f87bbf9, org.springframework.boot.test.mock.mockito.MockitoTestExecutionListener@22c88acd, org.springframework.boot.test.autoconfigure.SpringBootDependencyInjectionTestExecutionListener@48ad03ac, org.springframework.test.context.support.DirtiesContextTestExecutionListener@33a43f3a, org.springframework.test.context.transaction.TransactionalTestExecutionListener@216e12c4, org.springframework.test.context.jdbc.SqlScriptsTestExecutionListener@47167ac6, org.springframework.security.test.context.support.WithSecurityContextTestExecutionListener@6706a1eb, org.springframework.security.test.context.support.ReactorContextTestExecutionListener@75490fde, org.springframework.boot.test.autoconfigure.restdocs.RestDocsTestExecutionListener@2460db81, org.springframework.boot.test.autoconfigure.web.client.MockRestServiceServerResetTestExecutionListener@50545581, org.springframework.boot.test.autoconfigure.web.servlet.MockMvcPrintOnlyOnFailureTestExecutionListener@28fbf99, org.springframework.boot.test.autoconfigure.web.servlet.WebDriverTestExecutionListener@3f0577e9, org.springframework.boot.test.mock.mockito.ResetMocksTestExecutionListener@1d9b0f5b]
02:12:26.007 [Test worker] DEBUG org.springframework.test.annotation.ProfileValueUtils - Retrieved @ProfileValueSourceConfiguration [null] for test class [com.happiersoul.one.web.HelloControllerTest]
02:12:26.008 [Test worker] DEBUG org.springframework.test.annotation.ProfileValueUtils - Retrieved ProfileValueSource type [class org.springframework.test.annotation.SystemProfileValueSource] for class [com.happiersoul.one.web.HelloControllerTest]
02:12:26.009 [Test worker] DEBUG org.springframework.test.annotation.ProfileValueUtils - Retrieved @ProfileValueSourceConfiguration [null] for test class [com.happiersoul.one.web.HelloControllerTest]
02:12:26.009 [Test worker] DEBUG org.springframework.test.annotation.ProfileValueUtils - Retrieved ProfileValueSource type [class org.springframework.test.annotation.SystemProfileValueSource] for class [com.happiersoul.one.web.HelloControllerTest]
02:12:26.013 [Test worker] DEBUG org.springframework.test.context.support.AbstractDirtiesContextTestExecutionListener - Before test class: context [DefaultTestContext@417d25f0 testClass = HelloControllerTest, testInstance = [null], testMethod = [null], testException = [null], mergedContextConfiguration = [WebMergedContextConfiguration@55dcd150 testClass = HelloControllerTest, locations = '{}', classes = '{class com.happiersoul.one.Application}', contextInitializerClasses = '[]', activeProfiles = '{}', propertySourceLocations = '{}', propertySourceProperties = '{org.springframework.boot.test.autoconfigure.web.servlet.WebMvcTestContextBootstrapper=true}', contextCustomizers = set[org.springframework.boot.test.autoconfigure.OverrideAutoConfigurationContextCustomizerFactory$DisableAutoConfigurationContextCustomizer@3216eac9, org.springframework.boot.test.autoconfigure.filter.TypeExcludeFiltersContextCustomizer@5a2e906a, org.springframework.boot.test.autoconfigure.properties.PropertyMappingContextCustomizer@f50f39d4, org.springframework.boot.test.autoconfigure.web.servlet.WebDriverContextCustomizerFactory$Customizer@612b3837, [ImportsContextCustomizer@27e413ce key = [org.springframework.boot.autoconfigure.cache.CacheAutoConfiguration, org.springframework.boot.autoconfigure.context.MessageSourceAutoConfiguration, org.springframework.boot.autoconfigure.data.web.SpringDataWebAutoConfiguration, org.springframework.boot.autoconfigure.freemarker.FreeMarkerAutoConfiguration, org.springframework.boot.autoconfigure.groovy.template.GroovyTemplateAutoConfiguration, org.springframework.boot.autoconfigure.gson.GsonAutoConfiguration, org.springframework.boot.autoconfigure.hateoas.HypermediaAutoConfiguration, org.springframework.boot.autoconfigure.http.HttpMessageConvertersAutoConfiguration, org.springframework.boot.autoconfigure.jackson.JacksonAutoConfiguration, org.springframework.boot.autoconfigure.jsonb.JsonbAutoConfiguration, org.springframework.boot.autoconfigure.mustache.MustacheAutoConfiguration, org.springframework.boot.autoconfigure.task.TaskExecutionAutoConfiguration, org.springframework.boot.autoconfigure.thymeleaf.ThymeleafAutoConfiguration, org.springframework.boot.autoconfigure.validation.ValidationAutoConfiguration, org.springframework.boot.autoconfigure.web.servlet.error.ErrorMvcAutoConfiguration, org.springframework.boot.autoconfigure.web.servlet.WebMvcAutoConfiguration, org.springframework.boot.test.autoconfigure.web.servlet.MockMvcAutoConfiguration, org.springframework.boot.test.autoconfigure.web.servlet.MockMvcSecurityAutoConfiguration, org.springframework.boot.test.autoconfigure.web.servlet.MockMvcWebClientAutoConfiguration, org.springframework.boot.test.autoconfigure.web.servlet.MockMvcWebDriverAutoConfiguration]], org.springframework.boot.test.context.filter.ExcludeFilterContextCustomizer@68685bcf, org.springframework.boot.test.json.DuplicateJsonObjectContextCustomizerFactory$DuplicateJsonObjectContextCustomizer@d6606e2, org.springframework.boot.test.mock.mockito.MockitoContextCustomizer@0], resourceBasePath = 'src/main/webapp', contextLoader = 'org.springframework.boot.test.context.SpringBootContextLoader', parent = [null]], attributes = map[[empty]]], class annotated with @DirtiesContext [false] with mode [null].
02:12:26.014 [Test worker] DEBUG org.springframework.test.annotation.ProfileValueUtils - Retrieved @ProfileValueSourceConfiguration [null] for test class [com.happiersoul.one.web.HelloControllerTest]
02:12:26.015 [Test worker] DEBUG org.springframework.test.annotation.ProfileValueUtils - Retrieved ProfileValueSource type [class org.springframework.test.annotation.SystemProfileValueSource] for class [com.happiersoul.one.web.HelloControllerTest]
02:12:26.018 [Test worker] DEBUG org.springframework.test.context.support.DependencyInjectionTestExecutionListener - Performing dependency injection for test context [[DefaultTestContext@417d25f0 testClass = HelloControllerTest, testInstance = com.happiersoul.one.web.HelloControllerTest@6aaab808, testMethod = [null], testException = [null], mergedContextConfiguration = [WebMergedContextConfiguration@55dcd150 testClass = HelloControllerTest, locations = '{}', classes = '{class com.happiersoul.one.Application}', contextInitializerClasses = '[]', activeProfiles = '{}', propertySourceLocations = '{}', propertySourceProperties = '{org.springframework.boot.test.autoconfigure.web.servlet.WebMvcTestContextBootstrapper=true}', contextCustomizers = set[org.springframework.boot.test.autoconfigure.OverrideAutoConfigurationContextCustomizerFactory$DisableAutoConfigurationContextCustomizer@3216eac9, org.springframework.boot.test.autoconfigure.filter.TypeExcludeFiltersContextCustomizer@5a2e906a, org.springframework.boot.test.autoconfigure.properties.PropertyMappingContextCustomizer@f50f39d4, org.springframework.boot.test.autoconfigure.web.servlet.WebDriverContextCustomizerFactory$Customizer@612b3837, [ImportsContextCustomizer@27e413ce key = [org.springframework.boot.autoconfigure.cache.CacheAutoConfiguration, org.springframework.boot.autoconfigure.context.MessageSourceAutoConfiguration, org.springframework.boot.autoconfigure.data.web.SpringDataWebAutoConfiguration, org.springframework.boot.autoconfigure.freemarker.FreeMarkerAutoConfiguration, org.springframework.boot.autoconfigure.groovy.template.GroovyTemplateAutoConfiguration, org.springframework.boot.autoconfigure.gson.GsonAutoConfiguration, org.springframework.boot.autoconfigure.hateoas.HypermediaAutoConfiguration, org.springframework.boot.autoconfigure.http.HttpMessageConvertersAutoConfiguration, org.springframework.boot.autoconfigure.jackson.JacksonAutoConfiguration, org.springframework.boot.autoconfigure.jsonb.JsonbAutoConfiguration, org.springframework.boot.autoconfigure.mustache.MustacheAutoConfiguration, org.springframework.boot.autoconfigure.task.TaskExecutionAutoConfiguration, org.springframework.boot.autoconfigure.thymeleaf.ThymeleafAutoConfiguration, org.springframework.boot.autoconfigure.validation.ValidationAutoConfiguration, org.springframework.boot.autoconfigure.web.servlet.error.ErrorMvcAutoConfiguration, org.springframework.boot.autoconfigure.web.servlet.WebMvcAutoConfiguration, org.springframework.boot.test.autoconfigure.web.servlet.MockMvcAutoConfiguration, org.springframework.boot.test.autoconfigure.web.servlet.MockMvcSecurityAutoConfiguration, org.springframework.boot.test.autoconfigure.web.servlet.MockMvcWebClientAutoConfiguration, org.springframework.boot.test.autoconfigure.web.servlet.MockMvcWebDriverAutoConfiguration]], org.springframework.boot.test.context.filter.ExcludeFilterContextCustomizer@68685bcf, org.springframework.boot.test.json.DuplicateJsonObjectContextCustomizerFactory$DuplicateJsonObjectContextCustomizer@d6606e2, org.springframework.boot.test.mock.mockito.MockitoContextCustomizer@0], resourceBasePath = 'src/main/webapp', contextLoader = 'org.springframework.boot.test.context.SpringBootContextLoader', parent = [null]], attributes = map[[empty]]]].
02:12:26.142 [Test worker] DEBUG org.springframework.test.context.support.TestPropertySourceUtils - Adding inlined properties to environment: {spring.jmx.enabled=false, org.springframework.boot.test.autoconfigure.web.servlet.WebMvcTestContextBootstrapper=true, server.port=-1}

  .   ____          _            __ _ _
 /\\ / ___'_ __ _ _(_)_ __  __ _ \ \ \ \
( ( )\___ | '_ | '_| | '_ \/ _` | \ \ \ \
 \\/  ___)| |_)| | | | | || (_| |  ) ) ) )
  '  |____| .__|_| |_|_| |_\__, | / / / /
 =========|_|==============|___/=/_/_/_/
 :: Spring Boot ::        (v2.1.7.RELEASE)

2021-05-23 02:12:26.380  INFO 18756 --- [    Test worker] c.h.one.web.HelloControllerTest          : Starting HelloControllerTest on DESKTOP-KNGOHN4 with PID 18756 (started by gsg33 in D:\주말백업\Happiersoul_Workspace\happiersoul-one)
2021-05-23 02:12:26.383  INFO 18756 --- [    Test worker] c.h.one.web.HelloControllerTest          : No active profile set, falling back to default profiles: default
2021-05-23 02:12:27.633  INFO 18756 --- [    Test worker] o.s.s.concurrent.ThreadPoolTaskExecutor  : Initializing ExecutorService 'applicationTaskExecutor'
2021-05-23 02:12:27.704  INFO 18756 --- [    Test worker] o.s.b.a.w.s.WelcomePageHandlerMapping    : Adding welcome page template: index
2021-05-23 02:12:28.369  INFO 18756 --- [    Test worker] .s.s.UserDetailsServiceAutoConfiguration : 

Using generated security password: 2e8b058b-16f0-4129-8b7d-84db6f1fe2e4

2021-05-23 02:12:28.578  INFO 18756 --- [    Test worker] o.s.s.web.DefaultSecurityFilterChain     : Creating filter chain: any request, [org.springframework.security.web.context.request.async.WebAsyncManagerIntegrationFilter@7df9b31b, org.springframework.security.web.context.SecurityContextPersistenceFilter@680c033d, org.springframework.security.web.header.HeaderWriterFilter@6100d26a, org.springframework.security.web.csrf.CsrfFilter@216ada41, org.springframework.security.web.authentication.logout.LogoutFilter@27db2c0a, org.springframework.security.web.authentication.UsernamePasswordAuthenticationFilter@24c4ebd9, org.springframework.security.web.authentication.ui.DefaultLoginPageGeneratingFilter@4dc02b78, org.springframework.security.web.authentication.ui.DefaultLogoutPageGeneratingFilter@61108b2f, org.springframework.security.web.authentication.www.BasicAuthenticationFilter@4cbd408b, org.springframework.security.web.savedrequest.RequestCacheAwareFilter@4ab1232d, org.springframework.security.web.servletapi.SecurityContextHolderAwareRequestFilter@35af72e9, org.springframework.security.web.authentication.AnonymousAuthenticationFilter@21dd8378, org.springframework.security.web.session.SessionManagementFilter@ff870d4, org.springframework.security.web.access.ExceptionTranslationFilter@4d5d316d, org.springframework.security.web.access.intercept.FilterSecurityInterceptor@22fa4c40]
2021-05-23 02:12:28.623  INFO 18756 --- [    Test worker] o.s.b.t.m.w.SpringBootMockServletContext : Initializing Spring TestDispatcherServlet ''
2021-05-23 02:12:28.623  INFO 18756 --- [    Test worker] o.s.t.web.servlet.TestDispatcherServlet  : Initializing Servlet ''
2021-05-23 02:12:28.635  INFO 18756 --- [    Test worker] o.s.t.web.servlet.TestDispatcherServlet  : Completed initialization in 12 ms
2021-05-23 02:12:28.682  INFO 18756 --- [    Test worker] c.h.one.web.HelloControllerTest          : Started HelloControllerTest in 2.532 seconds (JVM running for 3.454)
]]></system-out>
  <system-err><![CDATA[]]></system-err>
</testsuite>
