<?xml version="1.0" encoding="UTF-8"?>
<testsuite name="com.happiersoul.one.web.PostsApiControllerTest" tests="2" skipped="0" failures="0" errors="0" timestamp="2021-05-22T17:12:36" hostname="DESKTOP-KNGOHN4" time="0.132">
  <properties/>
  <testcase name="Posts_등록된다" classname="com.happiersoul.one.web.PostsApiControllerTest" time="0.091"/>
  <testcase name="Posts_수정된다" classname="com.happiersoul.one.web.PostsApiControllerTest" time="0.04"/>
  <system-out><![CDATA[2021-05-23 02:12:36.603  INFO 18756 --- [    Test worker] .b.t.c.SpringBootTestContextBootstrapper : Neither @ContextConfiguration nor @ContextHierarchy found for test class [com.happiersoul.one.web.PostsApiControllerTest], using SpringBootContextLoader
2021-05-23 02:12:36.605  INFO 18756 --- [    Test worker] o.s.t.c.support.AbstractContextLoader    : Could not detect default resource locations for test class [com.happiersoul.one.web.PostsApiControllerTest]: no resource found for suffixes {-context.xml, Context.groovy}.
2021-05-23 02:12:36.605  INFO 18756 --- [    Test worker] t.c.s.AnnotationConfigContextLoaderUtils : Could not detect default configuration classes for test class [com.happiersoul.one.web.PostsApiControllerTest]: PostsApiControllerTest does not declare any static, non-private, non-final, nested classes annotated with @Configuration.
2021-05-23 02:12:36.607  INFO 18756 --- [    Test worker] .b.t.c.SpringBootTestContextBootstrapper : Found @SpringBootConfiguration com.happiersoul.one.Application for test class com.happiersoul.one.web.PostsApiControllerTest
2021-05-23 02:12:36.609  INFO 18756 --- [    Test worker] .b.t.c.SpringBootTestContextBootstrapper : Loaded default TestExecutionListener class names from location [META-INF/spring.factories]: [org.springframework.security.test.context.support.WithSecurityContextTestExecutionListener, org.springframework.security.test.context.support.ReactorContextTestExecutionListener, org.springframework.boot.test.autoconfigure.restdocs.RestDocsTestExecutionListener, org.springframework.boot.test.autoconfigure.web.client.MockRestServiceServerResetTestExecutionListener, org.springframework.boot.test.autoconfigure.web.servlet.MockMvcPrintOnlyOnFailureTestExecutionListener, org.springframework.boot.test.autoconfigure.web.servlet.WebDriverTestExecutionListener, org.springframework.boot.test.mock.mockito.MockitoTestExecutionListener, org.springframework.boot.test.mock.mockito.ResetMocksTestExecutionListener, org.springframework.test.context.web.ServletTestExecutionListener, org.springframework.test.context.support.DirtiesContextBeforeModesTestExecutionListener, org.springframework.test.context.support.DependencyInjectionTestExecutionListener, org.springframework.test.context.support.DirtiesContextTestExecutionListener, org.springframework.test.context.transaction.TransactionalTestExecutionListener, org.springframework.test.context.jdbc.SqlScriptsTestExecutionListener]
2021-05-23 02:12:36.610  INFO 18756 --- [    Test worker] .b.t.c.SpringBootTestContextBootstrapper : Using TestExecutionListeners: [org.springframework.test.context.web.ServletTestExecutionListener@7f56dc5b, org.springframework.test.context.support.DirtiesContextBeforeModesTestExecutionListener@4b704121, org.springframework.boot.test.mock.mockito.MockitoTestExecutionListener@4268de9a, org.springframework.boot.test.autoconfigure.SpringBootDependencyInjectionTestExecutionListener@610e758a, org.springframework.test.context.support.DirtiesContextTestExecutionListener@28f3d9f4, org.springframework.test.context.transaction.TransactionalTestExecutionListener@61c3fc82, org.springframework.test.context.jdbc.SqlScriptsTestExecutionListener@655b722e, org.springframework.security.test.context.support.WithSecurityContextTestExecutionListener@776be92a, org.springframework.security.test.context.support.ReactorContextTestExecutionListener@4161a24a, org.springframework.boot.test.autoconfigure.restdocs.RestDocsTestExecutionListener@3fb86108, org.springframework.boot.test.autoconfigure.web.client.MockRestServiceServerResetTestExecutionListener@14cbed3, org.springframework.boot.test.autoconfigure.web.servlet.MockMvcPrintOnlyOnFailureTestExecutionListener@29463569, org.springframework.boot.test.autoconfigure.web.servlet.WebDriverTestExecutionListener@6579a1f9, org.springframework.boot.test.mock.mockito.ResetMocksTestExecutionListener@19b52c7f]
2021-05-23 02:12:36.622  INFO 18756 --- [    Test worker] o.a.c.c.C.[Tomcat].[localhost].[/]       : Initializing Spring TestDispatcherServlet ''
2021-05-23 02:12:36.622  INFO 18756 --- [    Test worker] o.s.t.web.servlet.TestDispatcherServlet  : Initializing Servlet ''
2021-05-23 02:12:36.627  INFO 18756 --- [    Test worker] o.s.t.web.servlet.TestDispatcherServlet  : Completed initialization in 5 ms
Hibernate: insert into posts (created_date, modified_date, author, content, title) values (?, ?, ?, ?, ?)
Hibernate: select posts0_.id as id1_0_, posts0_.created_date as created_2_0_, posts0_.modified_date as modified3_0_, posts0_.author as author4_0_, posts0_.content as content5_0_, posts0_.title as title6_0_ from posts posts0_
Hibernate: select posts0_.id as id1_0_, posts0_.created_date as created_2_0_, posts0_.modified_date as modified3_0_, posts0_.author as author4_0_, posts0_.content as content5_0_, posts0_.title as title6_0_ from posts posts0_
Hibernate: delete from posts where id=?
2021-05-23 02:12:36.710  INFO 18756 --- [    Test worker] o.a.c.c.C.[Tomcat].[localhost].[/]       : Initializing Spring TestDispatcherServlet ''
2021-05-23 02:12:36.710  INFO 18756 --- [    Test worker] o.s.t.web.servlet.TestDispatcherServlet  : Initializing Servlet ''
2021-05-23 02:12:36.715  INFO 18756 --- [    Test worker] o.s.t.web.servlet.TestDispatcherServlet  : Completed initialization in 5 ms
Hibernate: insert into posts (created_date, modified_date, author, content, title) values (?, ?, ?, ?, ?)
Hibernate: select posts0_.id as id1_0_0_, posts0_.created_date as created_2_0_0_, posts0_.modified_date as modified3_0_0_, posts0_.author as author4_0_0_, posts0_.content as content5_0_0_, posts0_.title as title6_0_0_ from posts posts0_ where posts0_.id=?
Hibernate: update posts set created_date=?, modified_date=?, author=?, content=?, title=? where id=?
Hibernate: select posts0_.id as id1_0_, posts0_.created_date as created_2_0_, posts0_.modified_date as modified3_0_, posts0_.author as author4_0_, posts0_.content as content5_0_, posts0_.title as title6_0_ from posts posts0_
Hibernate: select posts0_.id as id1_0_, posts0_.created_date as created_2_0_, posts0_.modified_date as modified3_0_, posts0_.author as author4_0_, posts0_.content as content5_0_, posts0_.title as title6_0_ from posts posts0_
Hibernate: delete from posts where id=?
]]></system-out>
  <system-err><![CDATA[]]></system-err>
</testsuite>
