<?xml version="1.0" encoding="UTF-8"?>
<testsuite name="com.happiersoul.one.domain.posts.PostsRepositoryTest" tests="2" skipped="0" failures="0" errors="0" timestamp="2021-05-22T17:12:33" hostname="DESKTOP-KNGOHN4" time="0.303">
  <properties/>
  <testcase name="게시글저장_불러오기" classname="com.happiersoul.one.domain.posts.PostsRepositoryTest" time="0.289"/>
  <testcase name="BaseTimeEntity_등록" classname="com.happiersoul.one.domain.posts.PostsRepositoryTest" time="0.013"/>
  <system-out><![CDATA[2021-05-23 02:12:28.951  INFO 18756 --- [    Test worker] .b.t.c.SpringBootTestContextBootstrapper : Neither @ContextConfiguration nor @ContextHierarchy found for test class [com.happiersoul.one.domain.posts.PostsRepositoryTest], using SpringBootContextLoader
2021-05-23 02:12:28.951  INFO 18756 --- [    Test worker] o.s.t.c.support.AbstractContextLoader    : Could not detect default resource locations for test class [com.happiersoul.one.domain.posts.PostsRepositoryTest]: no resource found for suffixes {-context.xml, Context.groovy}.
2021-05-23 02:12:28.951  INFO 18756 --- [    Test worker] t.c.s.AnnotationConfigContextLoaderUtils : Could not detect default configuration classes for test class [com.happiersoul.one.domain.posts.PostsRepositoryTest]: PostsRepositoryTest does not declare any static, non-private, non-final, nested classes annotated with @Configuration.
2021-05-23 02:12:28.958  INFO 18756 --- [    Test worker] .b.t.c.SpringBootTestContextBootstrapper : Found @SpringBootConfiguration com.happiersoul.one.Application for test class com.happiersoul.one.domain.posts.PostsRepositoryTest
2021-05-23 02:12:28.959  INFO 18756 --- [    Test worker] .b.t.c.SpringBootTestContextBootstrapper : Loaded default TestExecutionListener class names from location [META-INF/spring.factories]: [org.springframework.security.test.context.support.WithSecurityContextTestExecutionListener, org.springframework.security.test.context.support.ReactorContextTestExecutionListener, org.springframework.boot.test.autoconfigure.restdocs.RestDocsTestExecutionListener, org.springframework.boot.test.autoconfigure.web.client.MockRestServiceServerResetTestExecutionListener, org.springframework.boot.test.autoconfigure.web.servlet.MockMvcPrintOnlyOnFailureTestExecutionListener, org.springframework.boot.test.autoconfigure.web.servlet.WebDriverTestExecutionListener, org.springframework.boot.test.mock.mockito.MockitoTestExecutionListener, org.springframework.boot.test.mock.mockito.ResetMocksTestExecutionListener, org.springframework.test.context.web.ServletTestExecutionListener, org.springframework.test.context.support.DirtiesContextBeforeModesTestExecutionListener, org.springframework.test.context.support.DependencyInjectionTestExecutionListener, org.springframework.test.context.support.DirtiesContextTestExecutionListener, org.springframework.test.context.transaction.TransactionalTestExecutionListener, org.springframework.test.context.jdbc.SqlScriptsTestExecutionListener]
2021-05-23 02:12:28.960  INFO 18756 --- [    Test worker] .b.t.c.SpringBootTestContextBootstrapper : Using TestExecutionListeners: [org.springframework.test.context.web.ServletTestExecutionListener@399ba842, org.springframework.test.context.support.DirtiesContextBeforeModesTestExecutionListener@109f183, org.springframework.boot.test.mock.mockito.MockitoTestExecutionListener@413ee5ac, org.springframework.boot.test.autoconfigure.SpringBootDependencyInjectionTestExecutionListener@3ff485d7, org.springframework.test.context.support.DirtiesContextTestExecutionListener@5b49f3d3, org.springframework.test.context.transaction.TransactionalTestExecutionListener@158284d0, org.springframework.test.context.jdbc.SqlScriptsTestExecutionListener@23270049, org.springframework.security.test.context.support.WithSecurityContextTestExecutionListener@38e6e3c7, org.springframework.security.test.context.support.ReactorContextTestExecutionListener@2ca55863, org.springframework.boot.test.autoconfigure.restdocs.RestDocsTestExecutionListener@2d80ed23, org.springframework.boot.test.autoconfigure.web.client.MockRestServiceServerResetTestExecutionListener@36be8592, org.springframework.boot.test.autoconfigure.web.servlet.MockMvcPrintOnlyOnFailureTestExecutionListener@3949a059, org.springframework.boot.test.autoconfigure.web.servlet.WebDriverTestExecutionListener@3fa98153, org.springframework.boot.test.mock.mockito.ResetMocksTestExecutionListener@156a8a70]

  .   ____          _            __ _ _
 /\\ / ___'_ __ _ _(_)_ __  __ _ \ \ \ \
( ( )\___ | '_ | '_| | '_ \/ _` | \ \ \ \
 \\/  ___)| |_)| | | | | || (_| |  ) ) ) )
  '  |____| .__|_| |_|_| |_\__, | / / / /
 =========|_|==============|___/=/_/_/_/
 :: Spring Boot ::        (v2.1.7.RELEASE)

2021-05-23 02:12:28.975  INFO 18756 --- [    Test worker] c.h.o.domain.posts.PostsRepositoryTest   : Starting PostsRepositoryTest on DESKTOP-KNGOHN4 with PID 18756 (started by gsg33 in D:\주말백업\Happiersoul_Workspace\happiersoul-one)
2021-05-23 02:12:28.976  INFO 18756 --- [    Test worker] c.h.o.domain.posts.PostsRepositoryTest   : No active profile set, falling back to default profiles: default
2021-05-23 02:12:29.413  INFO 18756 --- [    Test worker] .s.d.r.c.RepositoryConfigurationDelegate : Bootstrapping Spring Data repositories in DEFAULT mode.
2021-05-23 02:12:29.491  INFO 18756 --- [    Test worker] .s.d.r.c.RepositoryConfigurationDelegate : Finished Spring Data repository scanning in 69ms. Found 2 repository interfaces.
2021-05-23 02:12:29.819  INFO 18756 --- [    Test worker] trationDelegate$BeanPostProcessorChecker : Bean 'org.springframework.transaction.annotation.ProxyTransactionManagementConfiguration' of type [org.springframework.transaction.annotation.ProxyTransactionManagementConfiguration$$EnhancerBySpringCGLIB$$c12d01a3] is not eligible for getting processed by all BeanPostProcessors (for example: not eligible for auto-proxying)
2021-05-23 02:12:30.013  INFO 18756 --- [    Test worker] com.zaxxer.hikari.HikariDataSource       : HikariPool-1 - Starting...
2021-05-23 02:12:30.181  INFO 18756 --- [    Test worker] com.zaxxer.hikari.HikariDataSource       : HikariPool-1 - Start completed.
2021-05-23 02:12:30.287  INFO 18756 --- [    Test worker] o.hibernate.jpa.internal.util.LogHelper  : HHH000204: Processing PersistenceUnitInfo [
	name: default
	...]
2021-05-23 02:12:30.389  INFO 18756 --- [    Test worker] org.hibernate.Version                    : HHH000412: Hibernate Core {5.3.10.Final}
2021-05-23 02:12:30.392  INFO 18756 --- [    Test worker] org.hibernate.cfg.Environment            : HHH000206: hibernate.properties not found
2021-05-23 02:12:30.463  INFO 18756 --- [    Test worker] o.hibernate.annotations.common.Version   : HCANN000001: Hibernate Commons Annotations {5.0.4.Final}
2021-05-23 02:12:30.647  INFO 18756 --- [    Test worker] org.hibernate.dialect.Dialect            : HHH000400: Using dialect: org.hibernate.dialect.MySQL5InnoDBDialect
Hibernate: drop table if exists posts
Hibernate: drop table if exists user
Hibernate: create table posts (id bigint not null auto_increment, created_date datetime, modified_date datetime, author varchar(255), content TEXT not null, title varchar(500) not null, primary key (id)) engine=InnoDB
Hibernate: create table user (id bigint not null auto_increment, created_date datetime, modified_date datetime, email varchar(255) not null, name varchar(255) not null, picture varchar(255), role varchar(255) not null, primary key (id)) engine=InnoDB
2021-05-23 02:12:31.716  INFO 18756 --- [    Test worker] o.h.t.schema.internal.SchemaCreatorImpl  : HHH000476: Executing import script 'org.hibernate.tool.schema.internal.exec.ScriptSourceInputNonExistentImpl@396b7768'
2021-05-23 02:12:31.721  INFO 18756 --- [    Test worker] j.LocalContainerEntityManagerFactoryBean : Initialized JPA EntityManagerFactory for persistence unit 'default'
2021-05-23 02:12:32.328  INFO 18756 --- [    Test worker] o.h.h.i.QueryTranslatorFactoryInitiator  : HHH000397: Using ASTQueryTranslatorFactory
2021-05-23 02:12:32.679  INFO 18756 --- [    Test worker] o.s.s.web.DefaultSecurityFilterChain     : Creating filter chain: any request, [org.springframework.security.web.context.request.async.WebAsyncManagerIntegrationFilter@182752de, org.springframework.security.web.context.SecurityContextPersistenceFilter@aab3b72, org.springframework.security.web.header.HeaderWriterFilter@495d97de, org.springframework.security.web.authentication.logout.LogoutFilter@13028434, org.springframework.security.oauth2.client.web.OAuth2AuthorizationRequestRedirectFilter@2c00132a, org.springframework.security.oauth2.client.web.OAuth2LoginAuthenticationFilter@1a6829ac, org.springframework.security.web.authentication.ui.DefaultLoginPageGeneratingFilter@402147e9, org.springframework.security.web.authentication.ui.DefaultLogoutPageGeneratingFilter@2c7f44e7, org.springframework.security.web.savedrequest.RequestCacheAwareFilter@e1deea0, org.springframework.security.web.servletapi.SecurityContextHolderAwareRequestFilter@2b5b6bda, org.springframework.security.web.authentication.AnonymousAuthenticationFilter@77812d8d, org.springframework.security.web.session.SessionManagementFilter@7e52a870, org.springframework.security.web.access.ExceptionTranslationFilter@2fc56ee1, org.springframework.security.web.access.intercept.FilterSecurityInterceptor@745f6e09]
2021-05-23 02:12:33.056  INFO 18756 --- [    Test worker] o.s.s.concurrent.ThreadPoolTaskExecutor  : Initializing ExecutorService 'applicationTaskExecutor'
2021-05-23 02:12:33.070  WARN 18756 --- [    Test worker] aWebConfiguration$JpaWebMvcConfiguration : spring.jpa.open-in-view is enabled by default. Therefore, database queries may be performed during view rendering. Explicitly configure spring.jpa.open-in-view to disable this warning
2021-05-23 02:12:33.096  INFO 18756 --- [    Test worker] o.s.b.a.w.s.WelcomePageHandlerMapping    : Adding welcome page template: index
2021-05-23 02:12:33.681  INFO 18756 --- [    Test worker] s.a.ScheduledAnnotationBeanPostProcessor : No TaskScheduler/ScheduledExecutorService bean found for scheduled processing
2021-05-23 02:12:33.694  INFO 18756 --- [    Test worker] c.h.o.domain.posts.PostsRepositoryTest   : Started PostsRepositoryTest in 4.733 seconds (JVM running for 8.467)
Hibernate: insert into posts (created_date, modified_date, author, content, title) values (?, ?, ?, ?, ?)
Hibernate: select posts0_.id as id1_0_, posts0_.created_date as created_2_0_, posts0_.modified_date as modified3_0_, posts0_.author as author4_0_, posts0_.content as content5_0_, posts0_.title as title6_0_ from posts posts0_
Hibernate: select posts0_.id as id1_0_, posts0_.created_date as created_2_0_, posts0_.modified_date as modified3_0_, posts0_.author as author4_0_, posts0_.content as content5_0_, posts0_.title as title6_0_ from posts posts0_
Hibernate: delete from posts where id=?
Hibernate: insert into posts (created_date, modified_date, author, content, title) values (?, ?, ?, ?, ?)
Hibernate: select posts0_.id as id1_0_, posts0_.created_date as created_2_0_, posts0_.modified_date as modified3_0_, posts0_.author as author4_0_, posts0_.content as content5_0_, posts0_.title as title6_0_ from posts posts0_
>>>>>>>>>>> createDate=2021-05-23T02:12:33.994, modifiedDate=2021-05-23T02:12:33.994
Hibernate: select posts0_.id as id1_0_, posts0_.created_date as created_2_0_, posts0_.modified_date as modified3_0_, posts0_.author as author4_0_, posts0_.content as content5_0_, posts0_.title as title6_0_ from posts posts0_
Hibernate: delete from posts where id=?
]]></system-out>
  <system-err><![CDATA[]]></system-err>
</testsuite>
