<?xml version="1.0" encoding="UTF-8"?>
<testsuite name="com.happiersoul.one.web.IndexControllerTest" tests="1" skipped="0" failures="0" errors="0" timestamp="2021-05-22T17:12:36" hostname="DESKTOP-KNGOHN4" time="0.242">
  <properties/>
  <testcase name="메인페이지_로딩" classname="com.happiersoul.one.web.IndexControllerTest" time="0.242"/>
  <system-out><![CDATA[2021-05-23 02:12:34.015  INFO 18756 --- [    Test worker] .b.t.c.SpringBootTestContextBootstrapper : Neither @ContextConfiguration nor @ContextHierarchy found for test class [com.happiersoul.one.web.IndexControllerTest], using SpringBootContextLoader
2021-05-23 02:12:34.017  INFO 18756 --- [    Test worker] o.s.t.c.support.AbstractContextLoader    : Could not detect default resource locations for test class [com.happiersoul.one.web.IndexControllerTest]: no resource found for suffixes {-context.xml, Context.groovy}.
2021-05-23 02:12:34.017  INFO 18756 --- [    Test worker] t.c.s.AnnotationConfigContextLoaderUtils : Could not detect default configuration classes for test class [com.happiersoul.one.web.IndexControllerTest]: IndexControllerTest does not declare any static, non-private, non-final, nested classes annotated with @Configuration.
2021-05-23 02:12:34.019  INFO 18756 --- [    Test worker] .b.t.c.SpringBootTestContextBootstrapper : Found @SpringBootConfiguration com.happiersoul.one.Application for test class com.happiersoul.one.web.IndexControllerTest
2021-05-23 02:12:34.021  INFO 18756 --- [    Test worker] .b.t.c.SpringBootTestContextBootstrapper : Loaded default TestExecutionListener class names from location [META-INF/spring.factories]: [org.springframework.security.test.context.support.WithSecurityContextTestExecutionListener, org.springframework.security.test.context.support.ReactorContextTestExecutionListener, org.springframework.boot.test.autoconfigure.restdocs.RestDocsTestExecutionListener, org.springframework.boot.test.autoconfigure.web.client.MockRestServiceServerResetTestExecutionListener, org.springframework.boot.test.autoconfigure.web.servlet.MockMvcPrintOnlyOnFailureTestExecutionListener, org.springframework.boot.test.autoconfigure.web.servlet.WebDriverTestExecutionListener, org.springframework.boot.test.mock.mockito.MockitoTestExecutionListener, org.springframework.boot.test.mock.mockito.ResetMocksTestExecutionListener, org.springframework.test.context.web.ServletTestExecutionListener, org.springframework.test.context.support.DirtiesContextBeforeModesTestExecutionListener, org.springframework.test.context.support.DependencyInjectionTestExecutionListener, org.springframework.test.context.support.DirtiesContextTestExecutionListener, org.springframework.test.context.transaction.TransactionalTestExecutionListener, org.springframework.test.context.jdbc.SqlScriptsTestExecutionListener]
2021-05-23 02:12:34.022  INFO 18756 --- [    Test worker] .b.t.c.SpringBootTestContextBootstrapper : Using TestExecutionListeners: [org.springframework.test.context.web.ServletTestExecutionListener@2bc90b58, org.springframework.test.context.support.DirtiesContextBeforeModesTestExecutionListener@5352bf5c, org.springframework.boot.test.mock.mockito.MockitoTestExecutionListener@3e06ff79, org.springframework.boot.test.autoconfigure.SpringBootDependencyInjectionTestExecutionListener@5a296959, org.springframework.test.context.support.DirtiesContextTestExecutionListener@39d92a8f, org.springframework.test.context.transaction.TransactionalTestExecutionListener@7fb7cab7, org.springframework.test.context.jdbc.SqlScriptsTestExecutionListener@76430f0f, org.springframework.security.test.context.support.WithSecurityContextTestExecutionListener@67b1c33f, org.springframework.security.test.context.support.ReactorContextTestExecutionListener@174c0014, org.springframework.boot.test.autoconfigure.restdocs.RestDocsTestExecutionListener@566f8238, org.springframework.boot.test.autoconfigure.web.client.MockRestServiceServerResetTestExecutionListener@383ac48d, org.springframework.boot.test.autoconfigure.web.servlet.MockMvcPrintOnlyOnFailureTestExecutionListener@51fb508e, org.springframework.boot.test.autoconfigure.web.servlet.WebDriverTestExecutionListener@2640b605, org.springframework.boot.test.mock.mockito.ResetMocksTestExecutionListener@c149eb7]

  .   ____          _            __ _ _
 /\\ / ___'_ __ _ _(_)_ __  __ _ \ \ \ \
( ( )\___ | '_ | '_| | '_ \/ _` | \ \ \ \
 \\/  ___)| |_)| | | | | || (_| |  ) ) ) )
  '  |____| .__|_| |_|_| |_\__, | / / / /
 =========|_|==============|___/=/_/_/_/
 :: Spring Boot ::        (v2.1.7.RELEASE)

2021-05-23 02:12:34.050  INFO 18756 --- [    Test worker] c.h.one.web.IndexControllerTest          : Starting IndexControllerTest on DESKTOP-KNGOHN4 with PID 18756 (started by gsg33 in D:\주말백업\Happiersoul_Workspace\happiersoul-one)
2021-05-23 02:12:34.050  INFO 18756 --- [    Test worker] c.h.one.web.IndexControllerTest          : No active profile set, falling back to default profiles: default
2021-05-23 02:12:34.271  INFO 18756 --- [    Test worker] .s.d.r.c.RepositoryConfigurationDelegate : Bootstrapping Spring Data repositories in DEFAULT mode.
2021-05-23 02:12:34.289  INFO 18756 --- [    Test worker] .s.d.r.c.RepositoryConfigurationDelegate : Finished Spring Data repository scanning in 18ms. Found 2 repository interfaces.
2021-05-23 02:12:34.394  INFO 18756 --- [    Test worker] trationDelegate$BeanPostProcessorChecker : Bean 'org.springframework.transaction.annotation.ProxyTransactionManagementConfiguration' of type [org.springframework.transaction.annotation.ProxyTransactionManagementConfiguration$$EnhancerBySpringCGLIB$$c12d01a3] is not eligible for getting processed by all BeanPostProcessors (for example: not eligible for auto-proxying)
2021-05-23 02:12:34.726  INFO 18756 --- [    Test worker] o.s.b.w.embedded.tomcat.TomcatWebServer  : Tomcat initialized with port(s): 0 (http)
2021-05-23 02:12:34.767  INFO 18756 --- [    Test worker] o.apache.catalina.core.StandardService   : Starting service [Tomcat]
2021-05-23 02:12:34.767  INFO 18756 --- [    Test worker] org.apache.catalina.core.StandardEngine  : Starting Servlet engine: [Apache Tomcat/9.0.22]
2021-05-23 02:12:34.981  INFO 18756 --- [    Test worker] o.a.c.c.C.[Tomcat].[localhost].[/]       : Initializing Spring embedded WebApplicationContext
2021-05-23 02:12:34.981  INFO 18756 --- [    Test worker] o.s.web.context.ContextLoader            : Root WebApplicationContext: initialization completed in 929 ms
2021-05-23 02:12:35.207  INFO 18756 --- [    Test worker] com.zaxxer.hikari.HikariDataSource       : HikariPool-2 - Starting...
2021-05-23 02:12:35.208  INFO 18756 --- [    Test worker] com.zaxxer.hikari.HikariDataSource       : HikariPool-2 - Start completed.
2021-05-23 02:12:35.253  INFO 18756 --- [    Test worker] o.hibernate.jpa.internal.util.LogHelper  : HHH000204: Processing PersistenceUnitInfo [
	name: default
	...]
2021-05-23 02:12:35.261  INFO 18756 --- [    Test worker] org.hibernate.dialect.Dialect            : HHH000400: Using dialect: org.hibernate.dialect.MySQL5InnoDBDialect
Hibernate: drop table if exists posts
Hibernate: drop table if exists user
Hibernate: create table posts (id bigint not null auto_increment, created_date datetime, modified_date datetime, author varchar(255), content TEXT not null, title varchar(500) not null, primary key (id)) engine=InnoDB
Hibernate: create table user (id bigint not null auto_increment, created_date datetime, modified_date datetime, email varchar(255) not null, name varchar(255) not null, picture varchar(255), role varchar(255) not null, primary key (id)) engine=InnoDB
2021-05-23 02:12:35.318  INFO 18756 --- [    Test worker] o.h.t.schema.internal.SchemaCreatorImpl  : HHH000476: Executing import script 'org.hibernate.tool.schema.internal.exec.ScriptSourceInputNonExistentImpl@396b7768'
2021-05-23 02:12:35.318  INFO 18756 --- [    Test worker] j.LocalContainerEntityManagerFactoryBean : Initialized JPA EntityManagerFactory for persistence unit 'default'
2021-05-23 02:12:35.667  INFO 18756 --- [    Test worker] o.h.h.i.QueryTranslatorFactoryInitiator  : HHH000397: Using ASTQueryTranslatorFactory
2021-05-23 02:12:35.811  INFO 18756 --- [    Test worker] o.s.s.web.DefaultSecurityFilterChain     : Creating filter chain: any request, [org.springframework.security.web.context.request.async.WebAsyncManagerIntegrationFilter@552926e2, org.springframework.security.web.context.SecurityContextPersistenceFilter@30d415a, org.springframework.security.web.header.HeaderWriterFilter@1462d3c5, org.springframework.security.web.authentication.logout.LogoutFilter@65b0805e, org.springframework.security.oauth2.client.web.OAuth2AuthorizationRequestRedirectFilter@493573bc, org.springframework.security.oauth2.client.web.OAuth2LoginAuthenticationFilter@7df7c3ef, org.springframework.security.web.authentication.ui.DefaultLoginPageGeneratingFilter@c5e171e, org.springframework.security.web.authentication.ui.DefaultLogoutPageGeneratingFilter@5c23e87d, org.springframework.security.web.savedrequest.RequestCacheAwareFilter@12b388db, org.springframework.security.web.servletapi.SecurityContextHolderAwareRequestFilter@10cd8db3, org.springframework.security.web.authentication.AnonymousAuthenticationFilter@3e69d8d6, org.springframework.security.web.session.SessionManagementFilter@2cf61f33, org.springframework.security.web.access.ExceptionTranslationFilter@6b1f4616, org.springframework.security.web.access.intercept.FilterSecurityInterceptor@48783f6d]
2021-05-23 02:12:36.035  INFO 18756 --- [    Test worker] o.s.s.concurrent.ThreadPoolTaskExecutor  : Initializing ExecutorService 'applicationTaskExecutor'
2021-05-23 02:12:36.045  WARN 18756 --- [    Test worker] aWebConfiguration$JpaWebMvcConfiguration : spring.jpa.open-in-view is enabled by default. Therefore, database queries may be performed during view rendering. Explicitly configure spring.jpa.open-in-view to disable this warning
2021-05-23 02:12:36.068  INFO 18756 --- [    Test worker] o.s.b.a.w.s.WelcomePageHandlerMapping    : Adding welcome page template: index
2021-05-23 02:12:36.329  INFO 18756 --- [    Test worker] s.a.ScheduledAnnotationBeanPostProcessor : No TaskScheduler/ScheduledExecutorService bean found for scheduled processing
2021-05-23 02:12:36.351  INFO 18756 --- [    Test worker] o.s.b.w.embedded.tomcat.TomcatWebServer  : Tomcat started on port(s): 51009 (http) with context path ''
2021-05-23 02:12:36.352  INFO 18756 --- [    Test worker] c.h.one.web.IndexControllerTest          : Started IndexControllerTest in 2.329 seconds (JVM running for 11.124)
2021-05-23 02:12:36.456  INFO 18756 --- [o-auto-1-exec-1] o.a.c.c.C.[Tomcat].[localhost].[/]       : Initializing Spring DispatcherServlet 'dispatcherServlet'
2021-05-23 02:12:36.457  INFO 18756 --- [o-auto-1-exec-1] o.s.web.servlet.DispatcherServlet        : Initializing Servlet 'dispatcherServlet'
2021-05-23 02:12:36.492  INFO 18756 --- [o-auto-1-exec-1] o.s.web.servlet.DispatcherServlet        : Completed initialization in 35 ms
Hibernate: select posts0_.id as id1_0_, posts0_.created_date as created_2_0_, posts0_.modified_date as modified3_0_, posts0_.author as author4_0_, posts0_.content as content5_0_, posts0_.title as title6_0_ from posts posts0_ order by posts0_.id DESC
]]></system-out>
  <system-err><![CDATA[]]></system-err>
</testsuite>
