<?xml version="1.0" encoding="UTF-8"?>
<testsuite name="com.happiersoul.one.web.dto.HelloResponseDtoTest" tests="1" skipped="0" failures="0" errors="0" timestamp="2021-05-22T17:12:34" hostname="DESKTOP-KNGOHN4" time="0.003">
  <properties/>
  <testcase name="롬복_기능_테스트" classname="com.happiersoul.one.web.dto.HelloResponseDtoTest" time="0.003"/>
  <system-out><![CDATA[]]></system-out>
  <system-err><![CDATA[]]></system-err>
</testsuite>
